<?xml version="1.0" encoding="UTF-8"?>
<testsuite xmlns:xsi="http://www.w3.org/2001/XMLSchema-instance" xsi:noNamespaceSchemaLocation="https://maven.apache.org/surefire/maven-surefire-plugin/xsd/surefire-test-report.xsd" name="com.example.demo.PatientControllerTest" time="1.397" tests="1" errors="0" skipped="0" failures="1">
  <properties>
[...]
</properties>
  <testcase name="getPatients" classname="com.example.demo.PatientControllerTest" time="0.239">
    <failure message="[]: Expected 7 values but got 2" type="java.lang.AssertionError">java.lang.AssertionError: []: Expected 7 values but got 2
	at com.example.demo.PatientControllerTest.getPatients(PatientControllerTest.java:23)
</failure>
    <system-out><![CDATA[20:34:45.373 [main] DEBUG org.springframework.test.context.BootstrapUtils - Instantiating CacheAwareContextLoaderDelegate from class [org.springframework.test.context.cache.DefaultCacheAwareContextLoaderDelegate]
20:34:45.379 [main] DEBUG org.springframework.test.context.BootstrapUtils - Instantiating BootstrapContext using constructor [public org.springframework.test.context.support.DefaultBootstrapContext(java.lang.Class,org.springframework.test.context.CacheAwareContextLoaderDelegate)]
20:34:45.394 [main] DEBUG org.springframework.test.context.BootstrapUtils - Instantiating TestContextBootstrapper for test class [com.example.demo.PatientControllerTest] from class [org.springframework.boot.test.context.SpringBootTestContextBootstrapper]
20:34:45.399 [main] INFO org.springframework.boot.test.context.SpringBootTestContextBootstrapper - Neither @ContextConfiguration nor @ContextHierarchy found for test class [com.example.demo.PatientControllerTest], using SpringBootContextLoader
20:34:45.400 [main] DEBUG org.springframework.test.context.support.AbstractContextLoader - Did not detect default resource location for test class [com.example.demo.PatientControllerTest]: class path resource [com/example/demo/PatientControllerTest-context.xml] does not exist
20:34:45.401 [main] DEBUG org.springframework.test.context.support.AbstractContextLoader - Did not detect default resource location for test class [com.example.demo.PatientControllerTest]: class path resource [com/example/demo/PatientControllerTestContext.groovy] does not exist
20:34:45.401 [main] INFO org.springframework.test.context.support.AbstractContextLoader - Could not detect default resource locations for test class [com.example.demo.PatientControllerTest]: no resource found for suffixes {-context.xml, Context.groovy}.
20:34:45.417 [main] DEBUG org.springframework.test.context.support.ActiveProfilesUtils - Could not find an 'annotation declaring class' for annotation type [org.springframework.test.context.ActiveProfiles] and class [com.example.demo.PatientControllerTest]
20:34:45.462 [main] DEBUG org.springframework.boot.test.context.SpringBootTestContextBootstrapper - @TestExecutionListeners is not present for class [com.example.demo.PatientControllerTest]: using defaults.
20:34:45.462 [main] INFO org.springframework.boot.test.context.SpringBootTestContextBootstrapper - Loaded default TestExecutionListener class names from location [META-INF/spring.factories]: [org.springframework.boot.test.mock.mockito.MockitoTestExecutionListener, org.springframework.boot.test.mock.mockito.ResetMocksTestExecutionListener, org.springframework.boot.test.autoconfigure.restdocs.RestDocsTestExecutionListener, org.springframework.boot.test.autoconfigure.web.client.MockRestServiceServerResetTestExecutionListener, org.springframework.boot.test.autoconfigure.web.servlet.MockMvcPrintOnlyOnFailureTestExecutionListener, org.springframework.boot.test.autoconfigure.web.servlet.WebDriverTestExecutionListener, org.springframework.boot.test.autoconfigure.webservices.client.MockWebServiceServerTestExecutionListener, org.springframework.test.context.web.ServletTestExecutionListener, org.springframework.test.context.support.DirtiesContextBeforeModesTestExecutionListener, org.springframework.test.context.event.ApplicationEventsTestExecutionListener, org.springframework.test.context.support.DependencyInjectionTestExecutionListener, org.springframework.test.context.support.DirtiesContextTestExecutionListener, org.springframework.test.context.transaction.TransactionalTestExecutionListener, org.springframework.test.context.jdbc.SqlScriptsTestExecutionListener, org.springframework.test.context.event.EventPublishingTestExecutionListener]
20:34:45.468 [main] INFO org.springframework.boot.test.context.SpringBootTestContextBootstrapper - Using TestExecutionListeners: [org.springframework.test.context.web.ServletTestExecutionListener@6b58b9e9, org.springframework.test.context.support.DirtiesContextBeforeModesTestExecutionListener@f14a7d4, org.springframework.test.context.event.ApplicationEventsTestExecutionListener@52e7a6b2, org.springframework.boot.test.mock.mockito.MockitoTestExecutionListener@29a5f4e7, org.springframework.boot.test.autoconfigure.SpringBootDependencyInjectionTestExecutionListener@79c97cb, org.springframework.test.context.support.DirtiesContextTestExecutionListener@2d9caaeb, org.springframework.test.context.transaction.TransactionalTestExecutionListener@42a15bdc, org.springframework.test.context.jdbc.SqlScriptsTestExecutionListener@44a59da3, org.springframework.test.context.event.EventPublishingTestExecutionListener@27e47833, org.springframework.boot.test.mock.mockito.ResetMocksTestExecutionListener@6f6745d6, org.springframework.boot.test.autoconfigure.restdocs.RestDocsTestExecutionListener@27508c5d, org.springframework.boot.test.autoconfigure.web.client.MockRestServiceServerResetTestExecutionListener@4f704591, org.springframework.boot.test.autoconfigure.web.servlet.MockMvcPrintOnlyOnFailureTestExecutionListener@4b5189ac, org.springframework.boot.test.autoconfigure.web.servlet.WebDriverTestExecutionListener@1e4d3ce5, org.springframework.boot.test.autoconfigure.webservices.client.MockWebServiceServerTestExecutionListener@3ddc6915]
20:34:45.470 [main] DEBUG org.springframework.test.context.support.AbstractDirtiesContextTestExecutionListener - Before test class: context [DefaultTestContext@45ac5f9b testClass = PatientControllerTest, testInstance = [null], testMethod = [null], testException = [null], mergedContextConfiguration = [WebMergedContextConfiguration@135606db testClass = PatientControllerTest, locations = '{}', classes = '{class com.example.demo.DemoApplication}', contextInitializerClasses = '[]', activeProfiles = '{}', propertySourceLocations = '{}', propertySourceProperties = '{org.springframework.boot.test.context.SpringBootTestContextBootstrapper=true, server.port=0}', contextCustomizers = set[org.springframework.boot.test.context.filter.ExcludeFilterContextCustomizer@10959ece, org.springframework.boot.test.json.DuplicateJsonObjectContextCustomizerFactory$DuplicateJsonObjectContextCustomizer@65f095f8, org.springframework.boot.test.mock.mockito.MockitoContextCustomizer@0, org.springframework.boot.test.web.client.TestRestTemplateContextCustomizer@be35cd9, org.springframework.boot.test.autoconfigure.actuate.metrics.MetricsExportContextCustomizerFactory$DisableMetricExportContextCustomizer@66498326, org.springframework.boot.test.autoconfigure.properties.PropertyMappingContextCustomizer@0, org.springframework.boot.test.autoconfigure.web.servlet.WebDriverContextCustomizerFactory$Customizer@6bedbc4d, org.springframework.boot.test.context.SpringBootTestArgs@1, org.springframework.boot.test.context.SpringBootTestWebEnvironment@7e0b0338], resourceBasePath = 'src/main/webapp', contextLoader = 'org.springframework.boot.test.context.SpringBootContextLoader', parent = [null]], attributes = map['org.springframework.test.context.web.ServletTestExecutionListener.activateListener' -> false]], class annotated with @DirtiesContext [false] with mode [null].
20:34:45.477 [main] DEBUG org.springframework.test.context.support.DependencyInjectionTestExecutionListener - Performing dependency injection for test context [[DefaultTestContext@45ac5f9b testClass = PatientControllerTest, testInstance = com.example.demo.PatientControllerTest@5be49b60, testMethod = [null], testException = [null], mergedContextConfiguration = [WebMergedContextConfiguration@135606db testClass = PatientControllerTest, locations = '{}', classes = '{class com.example.demo.DemoApplication}', contextInitializerClasses = '[]', activeProfiles = '{}', propertySourceLocations = '{}', propertySourceProperties = '{org.springframework.boot.test.context.SpringBootTestContextBootstrapper=true, server.port=0}', contextCustomizers = set[org.springframework.boot.test.context.filter.ExcludeFilterContextCustomizer@10959ece, org.springframework.boot.test.json.DuplicateJsonObjectContextCustomizerFactory$DuplicateJsonObjectContextCustomizer@65f095f8, org.springframework.boot.test.mock.mockito.MockitoContextCustomizer@0, org.springframework.boot.test.web.client.TestRestTemplateContextCustomizer@be35cd9, org.springframework.boot.test.autoconfigure.actuate.metrics.MetricsExportContextCustomizerFactory$DisableMetricExportContextCustomizer@66498326, org.springframework.boot.test.autoconfigure.properties.PropertyMappingContextCustomizer@0, org.springframework.boot.test.autoconfigure.web.servlet.WebDriverContextCustomizerFactory$Customizer@6bedbc4d, org.springframework.boot.test.context.SpringBootTestArgs@1, org.springframework.boot.test.context.SpringBootTestWebEnvironment@7e0b0338], resourceBasePath = 'src/main/webapp', contextLoader = 'org.springframework.boot.test.context.SpringBootContextLoader', parent = [null]], attributes = map['org.springframework.test.context.web.ServletTestExecutionListener.activateListener' -> false, 'org.springframework.test.context.event.ApplicationEventsTestExecutionListener.recordApplicationEvents' -> false]]].

  .   ____          _            __ _ _
 /\\ / ___'_ __ _ _(_)_ __  __ _ \ \ \ \
( ( )\___ | '_ | '_| | '_ \/ _` | \ \ \ \
 \\/  ___)| |_)| | | | | || (_| |  ) ) ) )
  '  |____| .__|_| |_|_| |_\__, | / / / /
 =========|_|==============|___/=/_/_/_/
 :: Spring Boot ::             (v3.0.0-M1)

2022-02-12 20:34:45.640  INFO 58022 --- [           main] com.example.demo.PatientControllerTest   : Starting PatientControllerTest using Java 17.0.1 on Hariharans-MBP with PID 58022 (started by hari in /Users/hari/_workarea_/spring-learn/spring-jdbc-firefly)
2022-02-12 20:34:45.640  INFO 58022 --- [           main] com.example.demo.PatientControllerTest   : No active profile set, falling back to default profiles: default
2022-02-12 20:34:46.067  INFO 58022 --- [           main] o.s.b.w.embedded.tomcat.TomcatWebServer  : Tomcat initialized with port(s): 0 (http)
2022-02-12 20:34:46.072  INFO 58022 --- [           main] o.apache.catalina.core.StandardService   : Starting service [Tomcat]
2022-02-12 20:34:46.073  INFO 58022 --- [           main] org.apache.catalina.core.StandardEngine  : Starting Servlet engine: [Apache Tomcat/10.0.16]
2022-02-12 20:34:46.111  INFO 58022 --- [           main] o.a.c.c.C.[Tomcat].[localhost].[/]       : Initializing Spring embedded WebApplicationContext
2022-02-12 20:34:46.112  INFO 58022 --- [           main] w.s.c.ServletWebServerApplicationContext : Root WebApplicationContext: initialization completed in 461 ms
2022-02-12 20:34:46.181  INFO 58022 --- [           main] com.zaxxer.hikari.HikariDataSource       : HikariPool-1 - Starting...
2022-02-12 20:34:46.277  INFO 58022 --- [           main] com.zaxxer.hikari.pool.HikariPool        : HikariPool-1 - Added connection org.postgresql.jdbc.PgConnection@28157173
2022-02-12 20:34:46.278  INFO 58022 --- [           main] com.zaxxer.hikari.HikariDataSource       : HikariPool-1 - Start completed.
2022-02-12 20:34:46.288  INFO 58022 --- [           main] o.f.c.internal.license.VersionPrinter    : Flyway Community Edition 8.4.1 by Redgate
2022-02-12 20:34:46.288  INFO 58022 --- [           main] o.f.c.i.database.base.BaseDatabaseType   : Database: jdbc:postgresql://localhost:6551/dummy (PostgreSQL 14.1)
2022-02-12 20:34:46.319  INFO 58022 --- [           main] o.f.core.internal.command.DbValidate     : Successfully validated 1 migration (execution time 00:00.012s)
2022-02-12 20:34:46.329  INFO 58022 --- [           main] o.f.core.internal.command.DbMigrate      : Current version of schema "dummy": 1
2022-02-12 20:34:46.331  INFO 58022 --- [           main] o.f.core.internal.command.DbMigrate      : Schema "dummy" is up to date. No migration necessary.
2022-02-12 20:34:46.485  INFO 58022 --- [           main] o.s.b.w.embedded.tomcat.TomcatWebServer  : Tomcat started on port(s): 60258 (http) with context path ''
2022-02-12 20:34:46.490  INFO 58022 --- [           main] com.example.demo.PatientControllerTest   : Started PatientControllerTest in 1.003 seconds (JVM running for 1.388)
2022-02-12 20:34:46.685  INFO 58022 --- [o-auto-1-exec-1] o.a.c.c.C.[Tomcat].[localhost].[/]       : Initializing Spring DispatcherServlet 'dispatcherServlet'
2022-02-12 20:34:46.685  INFO 58022 --- [o-auto-1-exec-1] o.s.web.servlet.DispatcherServlet        : Initializing Servlet 'dispatcherServlet'
2022-02-12 20:34:46.686  INFO 58022 --- [o-auto-1-exec-1] o.s.web.servlet.DispatcherServlet        : Completed initialization in 1 ms
2022-02-12 20:34:46.695 DEBUG 58022 --- [o-auto-1-exec-1] o.s.jdbc.core.JdbcTemplate               : Executing SQL query [select * from patient]
2022-02-12 20:34:46.699 DEBUG 58022 --- [o-auto-1-exec-1] o.s.jdbc.core.BeanPropertyRowMapper      : Mapping column 'patient_id' to property 'patient_id' of type 'java.lang.Long'
2022-02-12 20:34:46.699 DEBUG 58022 --- [o-auto-1-exec-1] o.s.jdbc.core.BeanPropertyRowMapper      : Mapping column 'first_name' to property 'firstName' of type 'java.lang.String'
2022-02-12 20:34:46.699 DEBUG 58022 --- [o-auto-1-exec-1] o.s.jdbc.core.BeanPropertyRowMapper      : Mapping column 'last_name' to property 'lastName' of type 'java.lang.String'
]]></system-out>
  </testcase>
</testsuite>